2025-08-25 12:40:12,107 [ERROR] LogOutputStream:75 - [STDERR_REDIRECT] 
2025-08-25 13:03:17,155 [INFO] Activator:176 - 


2025-08-25 13:03:17,172 [INFO] Activator:177 - !SESSION log4j initialized
2025-08-25 13:03:30,453 [INFO] LogOutputStream:77 - [STDOUT_REDIRECT] 
2025-08-25 13:03:38,645 [ERROR] ConfigurationRetriever:142 - IOException on connection: Read timed out
2025-08-25 13:03:45,697 [INFO] ApplicationProperties:184 - Using Application install path: C:\ST\STM32CubeIDE_1.17.0\STM32CubeIDE\plugins\com.st.stm32cube.common.mx_6.13.0.202411220809
2025-08-25 13:03:45,758 [INFO] DbMcusXml:78 - Set database path to: C:\ST\STM32CubeIDE_1.17.0\STM32CubeIDE\plugins\com.st.stm32cube.common.mx_6.13.0.202411220809\\db\/mcu/
2025-08-25 13:03:45,759 [INFO] ApiDb:274 - Set plugin database path to: C:\ST\STM32CubeIDE_1.17.0\STM32CubeIDE\plugins\com.st.stm32cube.common.mx_6.13.0.202411220809\\db\/plugins/boardmanager/
2025-08-25 13:03:45,759 [WARN] ApiDb:259 - Overriding images path with different value:  => C:\ST\STM32CubeIDE_1.17.0\STM32CubeIDE\plugins\com.st.stm32cube.common.mx_6.13.0.202411220809\\db\/plugins/mcufinder/images/
2025-08-25 13:03:45,817 [INFO] ApiDb:250 - Set database path to: C:\Users\chebb\.stmcufinder\plugins\mcufinder//mcu/
2025-08-25 13:03:45,819 [INFO] DbMcusAds:125 - Set database path to: C:\Users\chebb\.stmcufinder\plugins\mcufinder//mcu/
2025-08-25 13:03:45,902 [INFO] CrossReferenceDbSqlite:203 - Set database path to: C:\Users\chebb\.stmcufinder\plugins\mcufinder//mcu/cs/
2025-08-25 13:03:46,338 [INFO] RulesReader:64 - Compatibility file has been processed (297 Rules)
2025-08-25 13:03:46,642 [INFO] DbMcusXml:78 - Set database path to: C:\ST\STM32CubeIDE_1.17.0\STM32CubeIDE\plugins\com.st.stm32cube.common.mx_6.13.0.202411220809\\db\/mcu/
2025-08-25 13:03:46,642 [INFO] ApiDb:274 - Set plugin database path to: C:\ST\STM32CubeIDE_1.17.0\STM32CubeIDE\plugins\com.st.stm32cube.common.mx_6.13.0.202411220809\\db\/plugins/boardmanager/
2025-08-25 13:03:46,643 [INFO] ApiDb:261 - Set plugin images path to: C:\ST\STM32CubeIDE_1.17.0\STM32CubeIDE\plugins\com.st.stm32cube.common.mx_6.13.0.202411220809\\db\/plugins/mcufinder/images/
2025-08-25 13:03:46,643 [WARN] DbFile:41 - Overriding database path with different value: C:\Users\chebb\.stmcufinder\plugins\mcufinder/ => C:\Users\chebb\.stmcufinder\plugins\mcufinder
2025-08-25 13:03:46,643 [INFO] ApiDb:250 - Set database path to: C:\Users\chebb\.stmcufinder\plugins\mcufinder//mcu/
2025-08-25 13:03:46,643 [WARN] DbFile:41 - Overriding database path with different value: C:\Users\chebb\.stmcufinder\plugins\mcufinder/ => C:\Users\chebb\.stmcufinder\plugins\mcufinder
2025-08-25 13:03:46,643 [INFO] DbMcusAds:125 - Set database path to: C:\Users\chebb\.stmcufinder\plugins\mcufinder//mcu/
2025-08-25 13:03:46,644 [WARN] DbFile:41 - Overriding database path with different value: C:\Users\chebb\.stmcufinder\plugins\mcufinder/ => C:\Users\chebb\.stmcufinder\plugins\mcufinder
2025-08-25 13:03:46,644 [WARN] DbFile:41 - Overriding database path with different value: C:\Users\chebb\.stmcufinder\plugins\mcufinder/ => C:\Users\chebb\.stmcufinder\plugins\mcufinder
2025-08-25 13:03:46,644 [INFO] CrossReferenceDbSqlite:203 - Set database path to: C:\Users\chebb\.stmcufinder\plugins\mcufinder//mcu/cs/
2025-08-25 13:03:46,905 [INFO] MainPanel:272 - HeapMemory: 268435456
2025-08-25 13:03:47,521 [INFO] DbMcusXml:78 - Set database path to: C:\ST\STM32CubeIDE_1.17.0\STM32CubeIDE\plugins\com.st.stm32cube.common.mx_6.13.0.202411220809\\db\/mcu/
2025-08-25 13:03:47,521 [INFO] ApiDb:274 - Set plugin database path to: C:\ST\STM32CubeIDE_1.17.0\STM32CubeIDE\plugins\com.st.stm32cube.common.mx_6.13.0.202411220809\\db\/plugins/boardmanager/
2025-08-25 13:03:47,521 [INFO] ApiDb:261 - Set plugin images path to: C:\ST\STM32CubeIDE_1.17.0\STM32CubeIDE\plugins\com.st.stm32cube.common.mx_6.13.0.202411220809\\db\/plugins/mcufinder/images/
2025-08-25 13:03:47,522 [WARN] DbFile:41 - Overriding database path with different value: C:\Users\chebb\.stmcufinder\plugins\mcufinder/ => C:\Users\chebb\.stmcufinder\plugins\mcufinder
2025-08-25 13:03:47,523 [INFO] ApiDb:250 - Set database path to: C:\Users\chebb\.stmcufinder\plugins\mcufinder//mcu/
2025-08-25 13:03:47,523 [WARN] DbFile:41 - Overriding database path with different value: C:\Users\chebb\.stmcufinder\plugins\mcufinder/ => C:\Users\chebb\.stmcufinder\plugins\mcufinder
2025-08-25 13:03:47,523 [INFO] DbMcusAds:125 - Set database path to: C:\Users\chebb\.stmcufinder\plugins\mcufinder//mcu/
2025-08-25 13:03:47,523 [WARN] DbFile:41 - Overriding database path with different value: C:\Users\chebb\.stmcufinder\plugins\mcufinder/ => C:\Users\chebb\.stmcufinder\plugins\mcufinder
2025-08-25 13:03:47,523 [WARN] DbFile:41 - Overriding database path with different value: C:\Users\chebb\.stmcufinder\plugins\mcufinder/ => C:\Users\chebb\.stmcufinder\plugins\mcufinder
2025-08-25 13:03:47,523 [INFO] CrossReferenceDbSqlite:203 - Set database path to: C:\Users\chebb\.stmcufinder\plugins\mcufinder//mcu/cs/
2025-08-25 13:03:47,570 [INFO] ApplicationProperties:184 - Using Application install path: C:\ST\STM32CubeIDE_1.17.0\STM32CubeIDE\plugins\com.st.stm32cube.common.mx_6.13.0.202411220809
2025-08-25 13:03:47,572 [INFO] PluginManage:196 - Search for loadable plugins [exclusion list=, ]
2025-08-25 13:03:47,574 [INFO] PluginManage:310 - Check plugin analytics
2025-08-25 13:03:53,048 [INFO] AnalyticsPlugin:253 - Accepted Software Licenses: STM32CubeMX.6.13.0
2025-08-25 13:03:53,048 [INFO] AnalyticsPlugin:255 - Accepted CMSIS Pack Licenses: 
2025-08-25 13:03:53,049 [INFO] AnalyticsPlugin:257 - Accepted Firmware Licenses: FW.F4.1.28.0
2025-08-25 13:03:53,053 [INFO] PluginManage:359 - Loaded plugin analytics (category:tool,tabindex:-1)
2025-08-25 13:03:53,053 [INFO] PluginManage:310 - Check plugin cadmodel
2025-08-25 13:03:53,092 [INFO] CADModel:105 - Init CAD model plugin
2025-08-25 13:03:53,093 [INFO] PluginManage:359 - Loaded plugin cadmodel (category:power,tabindex:5)
2025-08-25 13:03:53,093 [INFO] PluginManage:310 - Check plugin clock
2025-08-25 13:03:53,115 [INFO] PluginManage:359 - Loaded plugin clock (category:base,tabindex:2)
2025-08-25 13:03:53,122 [INFO] PluginManage:310 - Check plugin ddr
2025-08-25 13:03:53,122 [INFO] PluginManage:359 - Loaded plugin ddr (category:tool,tabindex:6)
2025-08-25 13:03:53,122 [INFO] PluginManage:310 - Check plugin filemanager
2025-08-25 13:03:53,383 [INFO] PluginManage:359 - Loaded plugin filemanager (category:base,tabindex:10)
2025-08-25 13:03:53,383 [INFO] PluginManage:310 - Check plugin ipmanager
2025-08-25 13:03:53,416 [INFO] PluginManage:359 - Loaded plugin ipmanager (category:base,tabindex:5)
2025-08-25 13:03:53,417 [INFO] PluginManage:310 - Check plugin lpbam
2025-08-25 13:03:53,445 [INFO] PluginManage:359 - Loaded plugin lpbam (category:base,tabindex:0)
2025-08-25 13:03:53,445 [INFO] PluginManage:310 - Check plugin memorymap
2025-08-25 13:03:53,512 [INFO] PluginManage:359 - Loaded plugin memorymap (category:base,tabindex:4)
2025-08-25 13:03:53,512 [INFO] PluginManage:310 - Check plugin pinoutandconfiguration
2025-08-25 13:03:53,550 [INFO] PluginManage:359 - Loaded plugin pinoutandconfiguration (category:base,tabindex:1)
2025-08-25 13:03:53,551 [INFO] PluginManage:310 - Check plugin pinoutconfig
2025-08-25 13:03:53,676 [WARN] SupportedApi:132 - Cannot load RTOS API schema: s4s-elt-must-match.1: The content of 'definitions' must match (annotation?, (simpleType | complexType)?, (unique | key | keyref)*)). A problem was found starting at: attribute.
2025-08-25 13:03:53,792 [INFO] PluginManage:359 - Loaded plugin pinoutconfig (category:base,tabindex:0)
2025-08-25 13:03:53,792 [INFO] PluginManage:310 - Check plugin power
2025-08-25 13:03:53,853 [INFO] PluginManage:359 - Loaded plugin power (category:power,tabindex:4)
2025-08-25 13:03:53,854 [INFO] PluginManage:310 - Check plugin projectmanager
2025-08-25 13:03:53,877 [INFO] PluginManage:359 - Loaded plugin projectmanager (category:projectmanager,tabindex:4)
2025-08-25 13:03:53,877 [INFO] PluginManage:310 - Check plugin rif
2025-08-25 13:03:53,920 [INFO] PluginManage:359 - Loaded plugin rif (category:base,tabindex:3)
2025-08-25 13:03:53,921 [INFO] PluginManage:310 - Check plugin thirdparty
2025-08-25 13:03:54,556 [INFO] PluginManage:359 - Loaded plugin thirdparty (category:base,tabindex:-1)
2025-08-25 13:03:54,556 [WARN] IntegrityCheckThread:84 - waiting for thirdparty lock release [integrity check]
2025-08-25 13:03:54,557 [INFO] PluginManage:310 - Check plugin tools
2025-08-25 13:03:54,557 [INFO] IntegrityCheckThread:86 - entering critical section [integrity check]
2025-08-25 13:03:54,557 [INFO] ThirdPartyUpdaterWithRetryManager:70 - Updater plugin not ready yet. [1/15]
2025-08-25 13:03:54,597 [INFO] PluginManage:359 - Loaded plugin tools (category:base,tabindex:7)
2025-08-25 13:03:54,597 [INFO] PluginManage:310 - Check plugin tutovideos
2025-08-25 13:03:55,149 [INFO] PluginManage:359 - Loaded plugin tutovideos (category:base,tabindex:-1)
2025-08-25 13:03:55,150 [INFO] PluginManage:310 - Check plugin updater
2025-08-25 13:03:55,166 [INFO] PluginManage:359 - Loaded plugin updater (category:base,tabindex:12)
2025-08-25 13:03:55,167 [INFO] PluginManage:310 - Check plugin userauth
2025-08-25 13:03:55,186 [INFO] UserAuth:118 - Init User Auth plugin
2025-08-25 13:03:55,186 [INFO] PluginManage:359 - Loaded plugin userauth (category:base,tabindex:14)
2025-08-25 13:03:55,187 [INFO] PluginManage:283 - PluginManage : Loaded plugins [18]
2025-08-25 13:03:55,573 [INFO] PinOutPanel:1589 - setPackage(No Configuration,No Configuration)
2025-08-25 13:03:55,735 [INFO] CADModel:165 - CPN selected for project level
2025-08-25 13:03:55,735 [INFO] CADModel:114 - Register for checkConnection events
2025-08-25 13:03:55,782 [INFO] IPUIPlugin:80 - create IPUIPlugin
2025-08-25 13:03:55,783 [INFO] PluginManager:220 - loadIPPluginJar : add adc
2025-08-25 13:03:55,860 [INFO] IPUIPlugin:80 - create IPUIPlugin
2025-08-25 13:03:55,860 [INFO] PluginManager:220 - loadIPPluginJar : add aes
2025-08-25 13:03:55,989 [INFO] IPUIPlugin:80 - create IPUIPlugin
2025-08-25 13:03:55,989 [INFO] PluginManager:220 - loadIPPluginJar : add can
2025-08-25 13:03:56,015 [INFO] IPUIPlugin:80 - create IPUIPlugin
2025-08-25 13:03:56,015 [INFO] PluginManager:220 - loadIPPluginJar : add comp
2025-08-25 13:03:56,050 [INFO] IPUIPlugin:80 - create IPUIPlugin
2025-08-25 13:03:56,051 [INFO] PluginManager:220 - loadIPPluginJar : add cryp
2025-08-25 13:03:56,156 [INFO] IPUIPlugin:80 - create IPUIPlugin
2025-08-25 13:03:56,156 [INFO] PluginManager:220 - loadIPPluginJar : add ddr_ctrl_phy
2025-08-25 13:03:56,198 [INFO] IPUIPlugin:80 - create IPUIPlugin
2025-08-25 13:03:56,198 [INFO] PluginManager:220 - loadIPPluginJar : add dfsdm
2025-08-25 13:03:56,211 [INFO] IPUIPlugin:80 - create IPUIPlugin
2025-08-25 13:03:56,212 [INFO] PluginManager:220 - loadIPPluginJar : add dma
2025-08-25 13:03:56,255 [INFO] IPUIPlugin:80 - create IPUIPlugin
2025-08-25 13:03:56,255 [INFO] PluginManager:220 - loadIPPluginJar : add dma3
2025-08-25 13:03:56,304 [INFO] IPUIPlugin:80 - create IPUIPlugin
2025-08-25 13:03:56,304 [INFO] PluginManager:220 - loadIPPluginJar : add extmemmanager
2025-08-25 13:03:56,345 [INFO] IPUIPlugin:80 - create IPUIPlugin
2025-08-25 13:03:56,345 [INFO] PluginManager:220 - loadIPPluginJar : add fatfs
2025-08-25 13:03:56,395 [INFO] IPUIPlugin:80 - create IPUIPlugin
2025-08-25 13:03:56,395 [INFO] PluginManager:220 - loadIPPluginJar : add fmc
2025-08-25 13:03:56,426 [INFO] IPUIPlugin:80 - create IPUIPlugin
2025-08-25 13:03:56,426 [INFO] PluginManager:220 - loadIPPluginJar : add freertos
2025-08-25 13:03:56,449 [INFO] IPUIPlugin:80 - create IPUIPlugin
2025-08-25 13:03:56,449 [INFO] PluginManager:220 - loadIPPluginJar : add genericplugin
2025-08-25 13:03:56,565 [INFO] IPUIPlugin:80 - create IPUIPlugin
2025-08-25 13:03:56,566 [INFO] PluginManager:220 - loadIPPluginJar : add gfxmmu
2025-08-25 13:03:56,749 [INFO] IPUIPlugin:80 - create IPUIPlugin
2025-08-25 13:03:56,749 [INFO] PluginManager:220 - loadIPPluginJar : add gic
2025-08-25 13:03:56,761 [INFO] IPUIPlugin:80 - create IPUIPlugin
2025-08-25 13:03:56,761 [INFO] PluginManager:220 - loadIPPluginJar : add gpio
2025-08-25 13:03:56,913 [INFO] IPUIPlugin:80 - create IPUIPlugin
2025-08-25 13:03:56,913 [INFO] PluginManager:220 - loadIPPluginJar : add gtzc
2025-08-25 13:03:56,947 [INFO] IPUIPlugin:80 - create IPUIPlugin
2025-08-25 13:03:56,947 [INFO] PluginManager:220 - loadIPPluginJar : add hash
2025-08-25 13:03:57,055 [INFO] IPUIPlugin:80 - create IPUIPlugin
2025-08-25 13:03:57,055 [INFO] PluginManager:220 - loadIPPluginJar : add i2c
2025-08-25 13:03:57,136 [INFO] IPUIPlugin:80 - create IPUIPlugin
2025-08-25 13:03:57,136 [INFO] PluginManager:220 - loadIPPluginJar : add i2s
2025-08-25 13:03:57,231 [INFO] IPUIPlugin:80 - create IPUIPlugin
2025-08-25 13:03:57,231 [INFO] PluginManager:220 - loadIPPluginJar : add i3c
2025-08-25 13:03:57,454 [INFO] IPUIPlugin:80 - create IPUIPlugin
2025-08-25 13:03:57,454 [INFO] PluginManager:220 - loadIPPluginJar : add ipddr
2025-08-25 13:03:57,557 [INFO] ThirdPartyUpdaterWithRetryManager:70 - Updater plugin not ready yet. [2/15]
2025-08-25 13:03:57,707 [INFO] IPUIPlugin:80 - create IPUIPlugin
2025-08-25 13:03:57,707 [INFO] PluginManager:220 - loadIPPluginJar : add linkedlist
2025-08-25 13:03:57,754 [INFO] IPUIPlugin:80 - create IPUIPlugin
2025-08-25 13:03:57,754 [INFO] PluginManager:220 - loadIPPluginJar : add lorawan
2025-08-25 13:03:57,816 [INFO] IPUIPlugin:80 - create IPUIPlugin
2025-08-25 13:03:57,816 [INFO] PluginManager:220 - loadIPPluginJar : add ltdc
2025-08-25 13:03:57,849 [INFO] IPUIPlugin:80 - create IPUIPlugin
2025-08-25 13:03:57,849 [INFO] PluginManager:220 - loadIPPluginJar : add mdma
2025-08-25 13:03:57,874 [INFO] IPUIPlugin:80 - create IPUIPlugin
2025-08-25 13:03:57,875 [INFO] PluginManager:220 - loadIPPluginJar : add nvic
2025-08-25 13:03:57,928 [INFO] IPUIPlugin:80 - create IPUIPlugin
2025-08-25 13:03:57,928 [INFO] PluginManager:220 - loadIPPluginJar : add opamp
2025-08-25 13:03:58,011 [INFO] IPUIPlugin:80 - create IPUIPlugin
2025-08-25 13:03:58,012 [INFO] PluginManager:220 - loadIPPluginJar : add openamp
2025-08-25 13:03:58,121 [INFO] IPUIPlugin:80 - create IPUIPlugin
2025-08-25 13:03:58,121 [INFO] PluginManager:220 - loadIPPluginJar : add pdm2pcm
2025-08-25 13:03:58,158 [INFO] IPUIPlugin:80 - create IPUIPlugin
2025-08-25 13:03:58,162 [INFO] PluginManager:220 - loadIPPluginJar : add plateformsettings
2025-08-25 13:03:58,209 [INFO] IPUIPlugin:80 - create IPUIPlugin
2025-08-25 13:03:58,209 [INFO] PluginManager:220 - loadIPPluginJar : add quadspi
2025-08-25 13:03:58,270 [INFO] IPUIPlugin:80 - create IPUIPlugin
2025-08-25 13:03:58,272 [INFO] PluginManager:220 - loadIPPluginJar : add radio
2025-08-25 13:03:58,315 [INFO] IPUIPlugin:80 - create IPUIPlugin
2025-08-25 13:03:58,315 [INFO] PluginManager:220 - loadIPPluginJar : add resmgrutility
2025-08-25 13:03:58,454 [INFO] IPUIPlugin:80 - create IPUIPlugin
2025-08-25 13:03:58,454 [INFO] PluginManager:220 - loadIPPluginJar : add sai
2025-08-25 13:03:58,511 [INFO] IPUIPlugin:80 - create IPUIPlugin
2025-08-25 13:03:58,511 [INFO] PluginManager:220 - loadIPPluginJar : add spi
2025-08-25 13:03:58,676 [INFO] IPUIPlugin:80 - create IPUIPlugin
2025-08-25 13:03:58,676 [INFO] PluginManager:220 - loadIPPluginJar : add stm32_wpan
2025-08-25 13:03:58,729 [INFO] IPUIPlugin:80 - create IPUIPlugin
2025-08-25 13:03:58,729 [INFO] PluginManager:220 - loadIPPluginJar : add tim
2025-08-25 13:03:58,910 [INFO] IPUIPlugin:80 - create IPUIPlugin
2025-08-25 13:03:58,910 [INFO] PluginManager:220 - loadIPPluginJar : add touchsensing
2025-08-25 13:03:58,938 [INFO] IPUIPlugin:80 - create IPUIPlugin
2025-08-25 13:03:58,938 [INFO] PluginManager:220 - loadIPPluginJar : add tracer_emb
2025-08-25 13:03:58,967 [INFO] IPUIPlugin:80 - create IPUIPlugin
2025-08-25 13:03:58,967 [INFO] PluginManager:220 - loadIPPluginJar : add ts
2025-08-25 13:03:58,994 [INFO] IPUIPlugin:80 - create IPUIPlugin
2025-08-25 13:03:58,994 [INFO] PluginManager:220 - loadIPPluginJar : add tsc
2025-08-25 13:03:59,021 [INFO] IPUIPlugin:80 - create IPUIPlugin
2025-08-25 13:03:59,021 [INFO] PluginManager:220 - loadIPPluginJar : add ucpd
2025-08-25 13:03:59,125 [INFO] IPUIPlugin:80 - create IPUIPlugin
2025-08-25 13:03:59,125 [INFO] PluginManager:220 - loadIPPluginJar : add usart
2025-08-25 13:03:59,294 [INFO] IPUIPlugin:80 - create IPUIPlugin
2025-08-25 13:03:59,294 [INFO] PluginManager:220 - loadIPPluginJar : add usbx
2025-08-25 13:03:59,429 [FATAL] Updater:351 - Updater called before beeing initialized
2025-08-25 13:03:59,456 [INFO] RulesReader:64 - Compatibility file has been processed (297 Rules)
2025-08-25 13:03:59,471 [INFO] RulesReader:64 - Compatibility file has been processed (297 Rules)
2025-08-25 13:03:59,479 [INFO] CADModel:165 - CPN selected for project level
2025-08-25 13:03:59,480 [INFO] CADModel:114 - Register for checkConnection events
2025-08-25 13:03:59,480 [FATAL] Updater:351 - Updater called before beeing initialized
2025-08-25 13:03:59,480 [ERROR] CADModel:125 - Updater not yet initialized, retry later 
2025-08-25 13:03:59,940 [FATAL] Updater:351 - Updater called before beeing initialized
2025-08-25 13:03:59,958 [INFO] CADModel:165 - CPN selected for project level
2025-08-25 13:03:59,958 [INFO] CADModel:114 - Register for checkConnection events
2025-08-25 13:03:59,958 [FATAL] Updater:351 - Updater called before beeing initialized
2025-08-25 13:03:59,958 [ERROR] CADModel:125 - Updater not yet initialized, retry later 
2025-08-25 13:03:59,961 [FATAL] Updater:351 - Updater called before beeing initialized
2025-08-25 13:04:00,094 [FATAL] Updater:351 - Updater called before beeing initialized
2025-08-25 13:04:00,123 [INFO] DbMcusAds:53 - JSON generation date=Tue Jul 08 09:14:23 CET 2025 (1751962463582)
2025-08-25 13:04:00,124 [FATAL] Updater:351 - Updater called before beeing initialized
2025-08-25 13:04:00,339 [WARN] DetailPanel:346 - Failed to get advertising image, set to default
2025-08-25 13:04:00,558 [INFO] ThirdPartyUpdaterWithRetryManager:70 - Updater plugin not ready yet. [3/15]
2025-08-25 13:04:00,703 [FATAL] Updater:351 - Updater called before beeing initialized
2025-08-25 13:04:00,706 [FATAL] Updater:351 - Updater called before beeing initialized
2025-08-25 13:04:00,706 [FATAL] Updater:351 - Updater called before beeing initialized
2025-08-25 13:04:00,706 [WARN] DetailPanel:346 - Failed to get advertising image, set to default
2025-08-25 13:04:00,707 [FATAL] Updater:351 - Updater called before beeing initialized
2025-08-25 13:04:00,837 [ERROR] Updater:1198 - MainUpdater not yet initialized. External WinMGr cannot be set.
2025-08-25 13:04:00,861 [INFO] Updater:1134 - Updater Version found : 6.13.0
2025-08-25 13:04:00,872 [INFO] ApplicationProperties:184 - Using Application install path: C:\ST\STM32CubeIDE_1.17.0\STM32CubeIDE\plugins\com.st.stm32cube.common.mx_6.13.0.202411220809
2025-08-25 13:04:01,627 [INFO] MainUpdater:2872 - connection check result : 10
2025-08-25 13:04:01,627 [INFO] MainUpdater:289 - Updater Check For Update Now.
2025-08-25 13:04:01,628 [INFO] MicroXplorer:498 - Change Database Version : DB.6.0.130
2025-08-25 13:04:01,662 [INFO] McuFinderGlobals:63 - Set McuFinder mode to 2 (CubeIDE integrated)
2025-08-25 13:04:01,672 [INFO] UserAuth:486 - Internet connection configuration mode: 1
2025-08-25 13:04:01,850 [INFO] JxBrowserEngine:152 - Initiate JxBrowser Engine with user profile folder
2025-08-25 13:04:01,940 [INFO] CheckServerUpdateThread:120 - End of CheckServer Thread
2025-08-25 13:04:08,350 [WARN] PackLoader:240 - Cannot read IP mode file for STMicroelectronics.FP-SNS-MOTENVWB1.1.4.0
2025-08-25 13:04:08,411 [WARN] PackLoader:240 - Cannot read IP mode file for STMicroelectronics.FP-ATR-ASTRA1.2.0.2
2025-08-25 13:04:08,471 [WARN] PackLoader:240 - Cannot read IP mode file for STMicroelectronics.FP-ATR-ASTRA1.2.0.1
2025-08-25 13:04:08,559 [WARN] PackLoader:240 - Cannot read IP mode file for STMicroelectronics.X-CUBE-SMBUS.2.1.0
2025-08-25 13:04:08,926 [WARN] PackLoader:240 - Cannot read IP mode file for STMicroelectronics.X-CUBE-WB05N.1.1.0
2025-08-25 13:04:09,253 [WARN] PackLoader:240 - Cannot read IP mode file for STMicroelectronics.X-CUBE-ST60.1.0.0
2025-08-25 13:04:09,775 [WARN] PackLoader:240 - Cannot read IP mode file for STMicroelectronics.X-CUBE-AZRTOS-F7.1.1.0
2025-08-25 13:04:09,845 [WARN] PackLoader:240 - Cannot read IP mode file for STMicroelectronics.FP-SNS-FLIGHT1.5.0.2
2025-08-25 13:04:10,140 [WARN] PackLoader:240 - Cannot read IP mode file for Infineon.AIROC-Wi-Fi-Bluetooth-STM32.1.7.0
2025-08-25 13:04:10,396 [WARN] PackLoader:240 - Cannot read IP mode file for STMicroelectronics.X-CUBE-AZRTOS-H7.3.4.0
2025-08-25 13:04:10,473 [WARN] PackLoader:240 - Cannot read IP mode file for STMicroelectronics.X-CUBE-DISPLAY.3.0.0
2025-08-25 13:04:10,678 [WARN] PackLoader:240 - Cannot read IP mode file for STMicroelectronics.X-CUBE-BLE1.7.0.0
2025-08-25 13:04:10,771 [WARN] PackLoader:240 - Cannot read IP mode file for STMicroelectronics.X-CUBE-NFC10.1.0.0
2025-08-25 13:04:10,860 [WARN] PackLoader:240 - Cannot read IP mode file for STMicroelectronics.X-CUBE-BLEMGR.4.0.0
2025-08-25 13:04:10,906 [WARN] PackLoader:240 - Cannot read IP mode file for emotas.I-CUBE-CANOPEN.1.3.0
2025-08-25 13:04:11,012 [WARN] PackLoader:240 - Cannot read IP mode file for STMicroelectronics.X-CUBE-AI.10.0.0
2025-08-25 13:04:11,147 [ERROR] Engine:466 - C:\Users\chebb\.stm32cubemx\thirdparties\pdsc\STMicroelectronics.FP-SNS-STBOX1.2.1.0.pdsc: PDSC version is not supported
2025-08-25 13:04:11,205 [WARN] PackLoader:240 - Cannot read IP mode file for STMicroelectronics.FP-SNS-SMARTAG2.1.2.0
2025-08-25 13:04:11,294 [WARN] PackLoader:240 - Cannot read IP mode file for STMicroelectronics.FP-SNS-FLIGHT1.5.1.0
2025-08-25 13:04:11,578 [WARN] PackLoader:240 - Cannot read IP mode file for STMicroelectronics.X-CUBE-MEMS1.11.1.0
2025-08-25 13:04:11,835 [INFO] LogOutputStream:77 - [STDOUT_REDIRECT] 1 : Invalid condition id : UX_CORESTACK_Condition cause : null
2025-08-25 13:04:11,835 [INFO] LogOutputStream:77 - [STDOUT_REDIRECT] 1 : Invalid condition id : UX_CORESTACK_Condition cause : null
2025-08-25 13:04:11,837 [INFO] LogOutputStream:77 - [STDOUT_REDIRECT] 1 : Invalid condition id : UX_CORESTACK_Condition cause : null
2025-08-25 13:04:11,838 [INFO] LogOutputStream:77 - [STDOUT_REDIRECT] 1 : Invalid condition id : UX_CORESTACK_Condition cause : null
2025-08-25 13:04:11,840 [INFO] LogOutputStream:77 - [STDOUT_REDIRECT] 1 : Invalid condition id : UX_CORESTACK_Condition cause : null
2025-08-25 13:04:11,843 [WARN] PackLoader:240 - Cannot read IP mode file for STMicroelectronics.X-CUBE-AZRTOS-WL.2.0.0
2025-08-25 13:04:11,929 [WARN] PackLoader:240 - Cannot read IP mode file for STMicroelectronics.FP-SNS-MOTENV1.5.0.0
2025-08-25 13:04:12,018 [WARN] PackLoader:240 - Cannot read IP mode file for wolfSSL.I-CUBE-wolfMQTT.1.19.0
2025-08-25 13:04:12,221 [WARN] PackLoader:240 - Cannot read IP mode file for WES.I-CUBE-Cesium.1.3.0
2025-08-25 13:04:12,307 [WARN] PackLoader:240 - Cannot read IP mode file for STMicroelectronics.X-CUBE-BLE2.3.3.0
2025-08-25 13:04:12,398 [WARN] PackLoader:240 - Cannot read IP mode file for STMicroelectronics.X-CUBE-NFC9.1.0.0
2025-08-25 13:04:12,467 [WARN] PackLoader:240 - Cannot read IP mode file for STMicroelectronics.X-CUBE-BLE1.7.1.0
2025-08-25 13:04:12,553 [WARN] PackLoader:240 - Cannot read IP mode file for STMicroelectronics.X-CUBE-EEPRMA1.5.2.0
2025-08-25 13:04:12,799 [WARN] PackLoader:240 - Cannot read IP mode file for STMicroelectronics.X-CUBE-MEMS1.11.2.0
2025-08-25 13:04:13,055 [WARN] PackLoader:240 - Cannot read IP mode file for STMicroelectronics.X-CUBE-AZRTOS-G0.1.1.0
2025-08-25 13:04:13,179 [WARN] PackLoader:240 - Cannot read IP mode file for STMicroelectronics.X-CUBE-SAFEA1.1.2.2
2025-08-25 13:04:13,334 [WARN] PackLoader:240 - Cannot read IP mode file for STMicroelectronics.X-CUBE-NFC4.3.0.0
2025-08-25 13:04:13,489 [WARN] PackLoader:240 - Cannot read IP mode file for EmbeddedOffice.I-CUBE-FS-RTOS.1.0.1
2025-08-25 13:04:13,535 [WARN] PackLoader:240 - Cannot read IP mode file for STMicroelectronics.X-CUBE-WB05N.2.0.0
2025-08-25 13:04:13,659 [WARN] PackLoader:240 - Cannot read IP mode file for STMicroelectronics.X-CUBE-TCPP.4.2.0
2025-08-25 13:04:13,775 [WARN] PackLoader:240 - Cannot read IP mode file for RealThread.X-CUBE-RT-Thread_Nano.4.1.1
2025-08-25 13:04:13,904 [WARN] PackLoader:240 - Cannot read IP mode file for STMicroelectronics.FP-ATR-SIGFOX1.3.2.0
2025-08-25 13:04:14,067 [WARN] ConditionMgr:438 - getConditionDescription Invalid condition id : Cortex-A Device cause : null
2025-08-25 13:04:14,305 [WARN] ConditionMgr:1044 - genDependencies : Invalid condition id : Cortex-A Device cause : null
2025-08-25 13:04:14,305 [WARN] ConditionMgr:1044 - genDependencies : Invalid condition id : Cortex-A Device cause : null
2025-08-25 13:04:14,305 [WARN] ConditionMgr:1044 - genDependencies : Invalid condition id : Cortex-A Device cause : null
2025-08-25 13:04:14,520 [WARN] PackLoader:240 - Cannot read IP mode file for STMicroelectronics.X-CUBE-EEPRMA1.5.1.0
2025-08-25 13:04:14,590 [WARN] PackLoader:240 - Cannot read IP mode file for wolfSSL.I-CUBE-wolfSSL.5.7.6
2025-08-25 13:04:14,775 [WARN] PackLoader:240 - Cannot read IP mode file for ITTIA_DB.I-CUBE-ITTIADB.8.9.0
2025-08-25 13:04:14,889 [WARN] PackLoader:240 - Cannot read IP mode file for STMicroelectronics.X-CUBE-ST67W61.1.0.0
2025-08-25 13:04:14,976 [WARN] PackLoader:240 - Cannot read IP mode file for STMicroelectronics.X-CUBE-AI.10.2.0
2025-08-25 13:04:15,181 [WARN] PackLoader:240 - Cannot read IP mode file for SEGGER.I-CUBE-embOS.1.3.1
2025-08-25 13:04:15,296 [WARN] PackLoader:240 - Cannot read IP mode file for STMicroelectronics.X-CUBE-ALGOBUILD.1.4.0
2025-08-25 13:04:15,464 [WARN] PackLoader:240 - Cannot read IP mode file for STMicroelectronics.X-CUBE-MEMS1.11.3.0
2025-08-25 13:04:15,610 [WARN] PackLoader:240 - Cannot read IP mode file for STMicroelectronics.X-CUBE-PM33A1.1.0.0
2025-08-25 13:04:15,623 [INFO] WebApp:168 - Instantiating new browser for Auth
2025-08-25 13:04:15,840 [WARN] PackLoader:240 - Cannot read IP mode file for STMicroelectronics.X-CUBE-AZRTOS-F4.1.1.0
2025-08-25 13:04:15,932 [WARN] PackLoader:240 - Cannot read IP mode file for Avnet-IotConnect.X-CUBE-IoTC-DA16k-PMOD.1.0.0
2025-08-25 13:04:15,987 [WARN] PackLoader:240 - Cannot read IP mode file for STMicroelectronics.X-CUBE-ISPU.2.1.0
2025-08-25 13:04:16,192 [WARN] PackLoader:240 - Cannot read IP mode file for STMicroelectronics.X-CUBE-NFC12.1.0.0
2025-08-25 13:04:16,467 [WARN] PackLoader:240 - Cannot read IP mode file for STMicroelectronics.X-CUBE-AZRTOS-L5.2.0.0
2025-08-25 13:04:16,613 [WARN] PackLoader:240 - Cannot read IP mode file for STMicroelectronics.X-CUBE-NFC6.3.1.0
2025-08-25 13:04:16,893 [WARN] PackLoader:240 - Cannot read IP mode file for STMicroelectronics.X-CUBE-DPower.1.2.0
2025-08-25 13:04:17,080 [WARN] PackLoader:240 - Cannot read IP mode file for STMicroelectronics.X-CUBE-FREERTOS.1.3.1
2025-08-25 13:04:17,234 [WARN] PackLoader:240 - Cannot read IP mode file for STMicroelectronics.X-CUBE-FREERTOS.1.3.0
2025-08-25 13:04:17,415 [WARN] PackLoader:240 - Cannot read IP mode file for STMicroelectronics.X-CUBE-NFC7.1.0.1
2025-08-25 13:04:17,581 [WARN] PackLoader:240 - Cannot read IP mode file for STMicroelectronics.FP-SNS-STAIOTCFT.1.0.0
2025-08-25 13:04:17,677 [WARN] PackLoader:240 - Cannot read IP mode file for STMicroelectronics.X-CUBE-DPower.1.3.0
2025-08-25 13:04:17,968 [WARN] ConditionMgr:438 - getConditionDescription Invalid condition id : LAN8742 Phy interface Condition cause : null
2025-08-25 13:04:17,969 [WARN] PackLoader:240 - Cannot read IP mode file for STMicroelectronics.X-CUBE-AZRTOS-L4.2.0.0
2025-08-25 13:04:17,970 [WARN] ConditionMgr:1044 - genDependencies : Invalid condition id : LAN8742 Phy interface Condition cause : null
2025-08-25 13:04:17,970 [WARN] ConditionMgr:1044 - genDependencies : Invalid condition id : LAN8742 Phy interface Condition cause : null
2025-08-25 13:04:17,970 [WARN] ConditionMgr:1044 - genDependencies : Invalid condition id : LAN8742 Phy interface Condition cause : null
2025-08-25 13:04:18,099 [WARN] PackLoader:240 - Cannot read IP mode file for STMicroelectronics.X-CUBE-SFXS2LP1.4.0.0
2025-08-25 13:04:18,439 [WARN] PackLoader:240 - Cannot read IP mode file for STMicroelectronics.X-CUBE-AZRTOS-H7.3.3.0
2025-08-25 13:04:18,547 [WARN] PackLoader:240 - Cannot read IP mode file for STMicroelectronics.X-CUBE-BLEMGR.4.1.0
2025-08-25 13:04:18,784 [WARN] ConditionMgr:438 - getConditionDescription Invalid condition id : UX DEVICE CLASS RTOS Condition cause : null
2025-08-25 13:04:18,785 [WARN] ConditionMgr:438 - getConditionDescription Invalid condition id : UX DEVICE CLASS RTOS Condition cause : null
2025-08-25 13:04:18,787 [WARN] PackLoader:240 - Cannot read IP mode file for STMicroelectronics.X-CUBE-AZRTOS-WB.2.0.0
2025-08-25 13:04:18,788 [WARN] ConditionMgr:1044 - genDependencies : Invalid condition id : UX DEVICE CLASS RTOS Condition cause : null
2025-08-25 13:04:18,788 [WARN] ConditionMgr:1044 - genDependencies : Invalid condition id : UX DEVICE CLASS RTOS Condition cause : null
2025-08-25 13:04:18,789 [WARN] ConditionMgr:1044 - genDependencies : Invalid condition id : UX DEVICE CLASS RTOS Condition cause : null
2025-08-25 13:04:18,789 [WARN] ConditionMgr:1044 - genDependencies : Invalid condition id : UX DEVICE CLASS RTOS Condition cause : null
2025-08-25 13:04:18,789 [WARN] ConditionMgr:1044 - genDependencies : Invalid condition id : UX DEVICE CLASS RTOS Condition cause : null
2025-08-25 13:04:18,873 [WARN] PackLoader:240 - Cannot read IP mode file for STMicroelectronics.X-CUBE-GNSS1.7.0.1
2025-08-25 13:04:18,984 [WARN] PackLoader:240 - Cannot read IP mode file for STMicroelectronics.X-CUBE-TOUCHGFX.4.25.0
2025-08-25 13:04:19,026 [WARN] PackLoader:240 - Cannot read IP mode file for STMicroelectronics.FP-SNS-STBOX1.2.0.0
2025-08-25 13:04:19,155 [WARN] PackLoader:240 - Cannot read IP mode file for STMicroelectronics.X-CUBE-SUBG2.5.0.0
2025-08-25 13:04:19,343 [WARN] PackLoader:240 - Cannot read IP mode file for STMicroelectronics.X-CUBE-AZRTOS-H7RS.1.1.0
2025-08-25 13:04:19,438 [WARN] PackLoader:240 - Cannot read IP mode file for Cesanta.I-CUBE-Mongoose.7.13.0
2025-08-25 13:04:19,791 [WARN] PackLoader:240 - Cannot read IP mode file for STMicroelectronics.X-CUBE-AZRTOS-G4.2.0.0
2025-08-25 13:04:19,890 [WARN] PackLoader:240 - Cannot read IP mode file for STMicroelectronics.X-CUBE-NFC7.2.0.0
2025-08-25 13:04:20,013 [WARN] PackLoader:240 - Cannot read IP mode file for STMicroelectronics.X-CUBE-IPS.3.1.0
2025-08-25 13:04:20,084 [WARN] PackLoader:240 - Cannot read IP mode file for STMicroelectronics.X-CUBE-ALS.1.0.2
2025-08-25 13:04:20,172 [WARN] PackLoader:240 - Cannot read IP mode file for STMicroelectronics.X-CUBE-TOUCHGFX.4.24.2
2025-08-25 13:04:20,260 [WARN] PackLoader:240 - Cannot read IP mode file for wolfSSL.I-CUBE-wolfTPM.3.4.0
2025-08-25 13:04:20,323 [WARN] PackLoader:240 - Cannot read IP mode file for portGmbH.I-Cube-SoM-uGOAL.1.1.0
2025-08-25 13:04:20,566 [WARN] PackLoader:240 - Cannot read IP mode file for STMicroelectronics.X-CUBE-AZRTOS-H7RS.1.0.0
2025-08-25 13:04:20,685 [WARN] PackLoader:240 - Cannot read IP mode file for STMicroelectronics.X-CUBE-TOF1.3.4.2
2025-08-25 13:04:20,804 [WARN] PackLoader:240 - Cannot read IP mode file for STMicroelectronics.X-CUBE-TOF1.3.4.3
2025-08-25 13:04:20,945 [WARN] PackLoader:240 - Cannot read IP mode file for wolfSSL.I-CUBE-wolfSSH.1.4.17
2025-08-25 13:04:20,946 [INFO] ThirdParty:978 - Integrity check success = true
2025-08-25 13:04:20,946 [INFO] IntegrityCheckThread:100 - exiting critical section [integrity check]
2025-08-25 13:04:20,946 [INFO] IntegrityCheckThread:103 - End integrity checks thread
2025-08-25 13:04:21,919 [INFO] WebApp:449 - Apply proxy settings
2025-08-25 13:04:21,920 [INFO] WebApp:534 - Chromium requires no authentication
2025-08-25 13:04:22,273 [INFO] WebApp:477 - Direct internet connection detected
2025-08-25 13:04:22,649 [INFO] WebApp:880 - Register for checkConnection events
2025-08-25 13:04:22,649 [INFO] WebApp:449 - Apply proxy settings
2025-08-25 13:04:22,649 [INFO] WebApp:534 - Chromium requires no authentication
2025-08-25 13:04:22,650 [INFO] WebApp:477 - Direct internet connection detected
2025-08-25 13:04:24,428 [INFO] WebApp:187 - Connection restablished
2025-08-25 13:04:26,422 [INFO] WebApp:221 - Starting web application
2025-08-25 13:04:26,423 [INFO] WebApp:579 - Web application path used C:\ST\STM32CubeIDE_1.17.0\STM32CubeIDE\plugins\com.st.stm32cube.common.mx_6.13.0.202411220809\db\plugins\mcufinder\reactClient1\index.html
2025-08-25 13:04:27,206 [INFO] UserAuth:486 - Internet connection configuration mode: 1
