2025-08-29 00:41:31,449 [INFO] UtilMem:75 - End SaveConfig() Used Memory: 741538456 Bytes (1073741824)
2025-08-29 00:41:32,458 [ERROR] ConfigurationRetriever:142 - IOException on connection: sw-center.st.com
2025-08-29 00:41:32,461 [ERROR] ConfigurationRetriever:142 - IOException on connection: sw-center.st.com
2025-08-29 00:41:32,462 [ERROR] ConfigurationRetriever:142 - IOException on connection: sw-center.st.com
2025-08-29 00:41:32,921 [ERROR] AdobePublisher:162 - Exception while opening the connection: java.net.UnknownHostException: stmicroelectronics.d3.sc.omtrdc.net
2025-08-29 00:41:32,922 [ERROR] AdobePublisher:162 - Exception while opening the connection: java.net.UnknownHostException: stmicroelectronics.d3.sc.omtrdc.net
2025-08-29 00:41:32,923 [ERROR] AdobePublisher:162 - Exception while opening the connection: java.net.UnknownHostException: stmicroelectronics.d3.sc.omtrdc.net
2025-08-29 00:41:32,924 [ERROR] AdobePublisher:162 - Exception while opening the connection: java.net.UnknownHostException: stmicroelectronics.d3.sc.omtrdc.net
2025-08-29 00:41:32,924 [ERROR] AdobePublisher:162 - Exception while opening the connection: java.net.UnknownHostException: stmicroelectronics.d3.sc.omtrdc.net
2025-08-29 00:41:33,793 [INFO] UtilMem:75 - End SaveConfig() Used Memory: 773705632 Bytes (1073741824)
2025-08-29 00:41:38,071 [INFO] UtilMem:75 - End SaveConfig() Used Memory: 854671176 Bytes (1073741824)
2025-08-29 00:41:38,184 [ERROR] ConfigurationRetriever:142 - IOException on connection: sw-center.st.com
2025-08-29 00:41:38,185 [ERROR] ConfigurationRetriever:142 - IOException on connection: sw-center.st.com
2025-08-29 00:41:38,186 [ERROR] ConfigurationRetriever:142 - IOException on connection: sw-center.st.com
2025-08-29 00:41:39,434 [INFO] BlockDiagram:2766 - set Specific Code input for plugin: TIM1_8
2025-08-29 00:41:39,436 [INFO] BlockDiagram:2766 - set Specific Code input for plugin: SYS
2025-08-29 00:41:39,436 [INFO] BlockDiagram:2766 - set Specific Code input for plugin: RCC
2025-08-29 00:41:39,436 [INFO] BlockDiagram:2766 - set Specific Code input for plugin: NVIC
2025-08-29 00:41:39,436 [INFO] BlockDiagram:2766 - set Specific Code input for plugin: USART
2025-08-29 00:41:39,438 [INFO] BlockDiagram:2766 - set Specific Code input for plugin: GPIO
2025-08-29 00:41:39,440 [INFO] CodeGenerator:896 - code generatio: config db path: C:\ST\STM32CubeIDE_1.17.0\STM32CubeIDE\plugins\com.st.stm32cube.common.mx_6.13.0.202411220809\\db\
2025-08-29 00:41:40,368 [INFO] CodeEngine:255 - oldGeneratedFile, C:\Users\chebb\Desktop\Src\STM32fun\stm32World_Timer2\MXTmpFiles\license.tmp_save
2025-08-29 00:41:43,124 [INFO] CodeEngine:279 - Generated code: C:\Users\chebb\Desktop\Src\STM32fun\stm32World_Timer2\MXTmpFiles\license.tmp
2025-08-29 00:41:43,323 [INFO] CodeEngine:255 - oldGeneratedFile, C:\Users\chebb\Desktop\Src\STM32fun\stm32World_Timer2\MXTmpFiles\gpio.tmp_save
2025-08-29 00:41:44,168 [INFO] CodeEngine:279 - Generated code: C:\Users\chebb\Desktop\Src\STM32fun\stm32World_Timer2\MXTmpFiles\gpio.tmp
2025-08-29 00:41:46,360 [INFO] CodeEngine:255 - oldGeneratedFile, C:\Users\chebb\Desktop\Src\STM32fun\stm32World_Timer2\Core\Src\stm32f4xx_it.c_save
2025-08-29 00:41:49,636 [INFO] CodeEngine:279 - Generated code: C:\Users\chebb\Desktop\Src\STM32fun\stm32World_Timer2\Core\Src\stm32f4xx_it.c
2025-08-29 00:41:49,694 [INFO] CodeEngine:255 - oldGeneratedFile, C:\Users\chebb\Desktop\Src\STM32fun\stm32World_Timer2\Core\Inc\stm32f4xx_it.h_save
2025-08-29 00:41:49,893 [INFO] CodeEngine:279 - Generated code: C:\Users\chebb\Desktop\Src\STM32fun\stm32World_Timer2\Core\Inc\stm32f4xx_it.h
2025-08-29 00:41:50,038 [INFO] CodeEngine:255 - oldGeneratedFile, C:\Users\chebb\Desktop\Src\STM32fun\stm32World_Timer2\Core\Src\stm32f4xx_hal_msp.c_save
2025-08-29 00:41:50,529 [INFO] CodeEngine:279 - Generated code: C:\Users\chebb\Desktop\Src\STM32fun\stm32World_Timer2\Core\Src\stm32f4xx_hal_msp.c
2025-08-29 00:41:50,546 [INFO] CodeEngine:255 - oldGeneratedFile, C:\Users\chebb\Desktop\Src\STM32fun\stm32World_Timer2\MXTmpFiles\system.tmp_save
2025-08-29 00:41:50,870 [INFO] CodeEngine:279 - Generated code: C:\Users\chebb\Desktop\Src\STM32fun\stm32World_Timer2\MXTmpFiles\system.tmp
2025-08-29 00:41:50,943 [INFO] CodeEngine:311 - oldGeneratedFile, C:\Users\chebb\Desktop\Src\STM32fun\stm32World_Timer2\Core\Inc\stm32f4xx_hal_conf.h_save
2025-08-29 00:41:51,169 [INFO] CodeEngine:335 - Generated code: C:\Users\chebb\Desktop\Src\STM32fun\stm32World_Timer2\Core\Inc\stm32f4xx_hal_conf.h
2025-08-29 00:41:51,282 [INFO] ApiDbMcu:508 - Load IP Config File for TIM4
2025-08-29 00:41:51,285 [WARN] IPConfigManager:3618 - IP not found : TIM
2025-08-29 00:41:51,287 [WARN] CodeGenerator:4152 - IP not found : null
2025-08-29 00:41:51,382 [INFO] CodeEngine:255 - oldGeneratedFile, C:\Users\chebb\Desktop\Src\STM32fun\stm32World_Timer2\Core\Inc\main.h_save
2025-08-29 00:41:51,776 [INFO] CodeEngine:279 - Generated code: C:\Users\chebb\Desktop\Src\STM32fun\stm32World_Timer2\Core\Inc\main.h
2025-08-29 00:41:51,824 [INFO] CodeEngine:255 - oldGeneratedFile, C:\Users\chebb\Desktop\Src\STM32fun\stm32World_Timer2\Core\Src\main.c_save
2025-08-29 00:41:52,226 [INFO] CodeEngine:279 - Generated code: C:\Users\chebb\Desktop\Src\STM32fun\stm32World_Timer2\Core\Src\main.c
2025-08-29 00:41:57,093 [INFO] ProjectBuilder:3289 - Time for Copy HAL[1] : 3117mS.
2025-08-29 00:41:57,136 [INFO] ProjectBuilder:4876 - Project Generator version: 4.5.0-RC5
2025-08-29 00:41:57,554 [INFO] ConfigFileManager:1579 - The Die is : DIE413
2025-08-29 00:42:02,982 [INFO] ProjectBuilder:5154 - Time for Generating toolchain IDE Files: 5845mS.
2025-08-29 00:42:02,983 [INFO] ProjectBuilder:3146 - Time for Copy CMSIS : 1mS.
2025-08-29 00:42:02,993 [INFO] ProjectBuilder:3146 - Time for Copy CMSIS : 0mS.
